Bus slave 0 starts 0 ends 15
Bus slave 1 starts 16 ends 31
Bus slave 2 starts 64 ends 79
Bus slave 3 starts 1024 ends 1026
master1 write(0, 167) at 20 ns
master2 write(20, 241) at 35 ns
master1 write(1, 217) at 50 ns
master1 write(2, 130) at 65 ns
master2 write(21, 42) at 80 ns
master1 write(3, 200) at 95 ns
master1 write(4, 254) at 110 ns
master2 write(22, 216) at 125 ns
master1 write(5, 67) at 140 ns
master1 write(6, 152) at 155 ns
master2 write(23, 77) at 170 ns
master1 write(7, 85) at 185 ns
master1 write(8, 226) at 200 ns
master2 write(24, 140) at 215 ns
master1 write(9, 179) at 230 ns
master1 write(10, 23) at 245 ns
master2 write(25, 71) at 260 ns
master1 write(11, 17) at 275 ns
master1 write(12, 84) at 290 ns
master2 write(26, 152) at 305 ns
master1 write(13, 47) at 320 ns
master1 write(14, 45) at 335 ns
master2 write(27, 17) at 350 ns
master1 write(15, 5) at 365 ns
master1 write(16, 245) at 380 ns
master2 write(28, 88) at 395 ns
master1 write(17, 107) at 410 ns
master1 read(0, 167) at 425 ns
master2 write(29, 214) at 440 ns
master1 read(1, 217) at 455 ns
master1 read(2, 130) at 470 ns
master2 write(30, 136) at 485 ns
master1 read(3, 200) at 500 ns
master1 read(4, 254) at 515 ns
master2 write(31, 7) at 530 ns
master1 read(5, 67) at 560 ns
master2 read(20, 241) at 575 ns
master1 read(6, 152) at 605 ns
master2 read(21, 42) at 620 ns
master1 read(7, 85) at 650 ns
master2 read(22, 216) at 665 ns
master1 read(8, 226) at 695 ns
master2 read(23, 77) at 710 ns
master1 read(9, 179) at 740 ns
master2 read(24, 140) at 755 ns
master1 read(10, 23) at 785 ns
master2 read(25, 71) at 800 ns
master1 read(11, 17) at 830 ns
master2 read(26, 152) at 845 ns
master1 read(12, 84) at 875 ns
master2 read(27, 17) at 890 ns
master1 read(13, 47) at 920 ns
master2 read(28, 88) at 935 ns
master1 read(14, 45) at 965 ns
master2 read(29, 214) at 980 ns
master1 read(15, 5) at 1010 ns
master2 read(30, 136) at 1025 ns
master1 read(16, 245) at 1055 ns
master2 read(31, 7) at 1070 ns
master1 read(17, 107) at 1100 ns
ram1 contents:
addr	data
-------------------------------
0	167
1	217
2	130
3	200
4	254
5	67
6	152
7	85
8	226
9	179
10	23
11	17
12	84
13	47
14	45
15	5
ram2 contents:
addr	data
-------------------------------
0	245
1	107
2	0
3	0
4	241
5	42
6	216
7	77
8	140
9	71
10	152
11	17
12	88
13	214
14	136
15	7
ram3 contents:
addr	data
-------------------------------
0	412
1	324
2	130
3	200
4	495
5	109
6	368
7	162
8	366
9	250
10	175
11	34
12	172
13	261
14	181
15	12
